
Showing logs for build [32mcb-kubecd-environment-pr-204-33-5bbkc-1[0m stage [32mfrom-build-pack[0m and container [32mstep-credential-initializer-gg5n5[0m
{"level":"info","ts":1587151795.9701262,"logger":"fallback-logger","caller":"logging/config.go:69","msg":"Fetch GitHub commit ID from kodata failed: open /var/run/ko/refs/heads/0.8.0-ns-support: no such file or directory"}
{"level":"info","ts":1587151795.9710097,"logger":"fallback-logger","caller":"creds-init/main.go:40","msg":"Credentials initialized."}

Showing logs for build [32mcb-kubecd-environment-pr-204-33-5bbkc-1[0m stage [32mfrom-build-pack[0m and container [32mstep-working-dir-initializer-l6tv7[0m
{"level":"info","ts":1587151797.3097808,"logger":"fallback-logger","caller":"logging/config.go:69","msg":"Fetch GitHub commit ID from kodata failed: open /var/run/ko/HEAD: no such file or directory"}
{"level":"info","ts":1587151797.313286,"logger":"fallback-logger","caller":"bash/main.go:64","msg":"Successfully executed command \"sh -c mkdir -p /workspace/source\"; output "}

Showing logs for build [32mcb-kubecd-environment-pr-204-33-5bbkc-1[0m stage [32mfrom-build-pack[0m and container [32mstep-place-tools[0m

Showing logs for build [32mcb-kubecd-environment-pr-204-33-5bbkc-1[0m stage [32mfrom-build-pack[0m and container [32mstep-git-source-cb-kubecd-environment-pr-204-33-5bbkc-s2qcf[0m
{"level":"info","ts":1587151803.6277049,"logger":"fallback-logger","caller":"logging/config.go:69","msg":"Fetch GitHub commit ID from kodata failed: open /var/run/ko/refs/heads/0.8.0-ns-support: no such file or directory"}
{"level":"info","ts":1587151804.8783815,"logger":"fallback-logger","caller":"git/git.go:103","msg":"Successfully cloned https://github.com/cb-kubecd/environment-pr-204-33-boot-gke-staging.git @ master in path /workspace/source"}

Showing logs for build [32mcb-kubecd-environment-pr-204-33-5bbkc-1[0m stage [32mfrom-build-pack[0m and container [32mstep-git-merge[0m
Using SHAs from PULL_REFS=master:911bd1e6d6982dee136f30d54ffe66806998fc6d,5:b2b628ea3e12de3449006fedfbb3a75eb318b0f9
DEBUG: LC_ALL=C JX_LOG_LEVEL=error git fetch origin --unshallow b2b628ea3e12de3449006fedfbb3a75eb318b0f9: 911bd1e6d6982dee136f30d54ffe66806998fc6d:
DEBUG: ran git fetch --unshallow origin b2b628ea3e12de3449006fedfbb3a75eb318b0f9: 911bd1e6d6982dee136f30d54ffe66806998fc6d: in 
DEBUG: LC_ALL=C JX_LOG_LEVEL=error git branch
DEBUG: LC_ALL=C JX_LOG_LEVEL=error git checkout master
DEBUG: ran git checkout master in 
DEBUG: LC_ALL=C JX_LOG_LEVEL=error git reset --hard 911bd1e6d6982dee136f30d54ffe66806998fc6d
DEBUG: ran git reset --hard 911bd1e6d6982dee136f30d54ffe66806998fc6d in 
DEBUG: JX_LOG_LEVEL=error LC_ALL=C git clean -fd .
DEBUG: ran clean --force -d . in 
DEBUG: LC_ALL=C JX_LOG_LEVEL=error git merge b2b628ea3e12de3449006fedfbb3a75eb318b0f9
DEBUG: ran git merge b2b628ea3e12de3449006fedfbb3a75eb318b0f9 in 
DEBUG: LC_ALL=C JX_LOG_LEVEL=error git log --format=%H%x1f%an%x1f%ae%x1f%cn%x1f%ce%x1f%s%n%b%x1e 911bd1e6d6982dee136f30d54ffe66806998fc6d..HEAD
Merged SHA b2b628ea3e12de3449006fedfbb3a75eb318b0f9 with commit message 'chore: Promote bdd-ghf**y-import-1587151477 to version 0.0.1' into base branch master

Showing logs for build [32mcb-kubecd-environment-pr-204-33-5bbkc-1[0m stage [32mfrom-build-pack[0m and container [32mstep-build-helm-build[0m
WARNING: No $CHART_REPOSITORY defined so using the default value of: http://jenkins-x-chartmuseum:8080
Adding missing Helm repo: storage.googleapis.com https://storage.googleapis.com/chartmuseum.jenkins-x.io
WARNING: No secrets found on "helm/repos" due: reading the secret "helm/repos" from vault: no secret "helm/repos" not found in vault
Read credentials for https://storage.googleapis.com/chartmuseum.jenkins-x.io from vault helm/repos
Successfully added Helm repository storage.googleapis.com.
Adding missing Helm repo: jenkins-x-chartmuseum http://jenkins-x-chartmuseum:8080
WARNING: No secrets found on "helm/repos" due: reading the secret "helm/repos" from vault: no secret "helm/repos" not found in vault
Read credentials for http://jenkins-x-chartmuseum:8080 from vault helm/repos
Successfully added Helm repository jenkins-x-chartmuseum.
WARNING: No $CHART_REPOSITORY defined so using the default value of: http://jenkins-x-chartmuseum:8080
Adding missing Helm repo: chartmuseum.jenkins-x.io http://chartmuseum.jenkins-x.io
WARNING: No secrets found on "helm/repos" due: reading the secret "helm/repos" from vault: no secret "helm/repos" not found in vault
Read credentials for http://chartmuseum.jenkins-x.io from vault helm/repos
Successfully added Helm repository chartmuseum.jenkins-x.io.
